Database initialized.
Accessing meeting list...
 * Serving Flask app '1_load'
 * Debug mode: off
WARNING: This is a development server. Do not use it in a production deployment. Use a production WSGI server instead.
 * Running on all addresses (0.0.0.0)
 * Running on http://127.0.0.1:5000
 * Running on http://192.168.0.206:5000
Press CTRL+C to quit
23 meetings stored.
Fetching Pre-Season Testing session data...
    9222 position details...
    7763 position details...
    7764 position details...
Fetching Bahrain Grand Prix session data...
    7765 position details...
    7766 position details...
    7767 position details...
    7768 position details...
    7953 position details...
Fetching Saudi Arabian Grand Prix session data...
    7772 position details...
    7773 position details...
    7774 position details...
    7775 position details...
    7779 position details...
Fetching Australian Grand Prix session data...
    7780 position details...
    7781 position details...
    7782 position details...
    7783 position details...
    7787 position details...
Fetching Azerbaijan Grand Prix session data...
    9063 position details...
    9064 position details...
    9278 position details...
    9069 position details...
    9070 position details...
Fetching Miami Grand Prix session data...
    9071 position details...
    9072 position details...
    9073 position details...
    9074 position details...
    9078 position details...
Fetching Monaco Grand Prix session data...
    9087 position details...
    9088 position details...
    9089 position details...
    9090 position details...
    9094 position details...
Fetching Spanish Grand Prix session data...
    9095 position details...
    9096 position details...
    9097 position details...
    9098 position details...
    9102 position details...
Fetching Canadian Grand Prix session data...
    9103 position details...
    9104 position details...
    9105 position details...
    9106 position details...
    9110 position details...
Fetching Austrian Grand Prix session data...
    9112 position details...
    9282 position details...
    9117 position details...
    9118 position details...
Fetching British Grand Prix session data...
    9119 position details...
    9120 position details...
    9121 position details...
    9122 position details...
    9126 position details...
Fetching Hungarian Grand Prix session data...
    9223 position details...
    9127 position details...
    9128 position details...
    9129 position details...
    9133 position details...
Fetching Belgian Grand Prix session data...
    9134 position details...
    9135 position details...
    9286 position details...
    9140 position details...
    9141 position details...
Fetching Dutch Grand Prix session data...
    9142 position details...
    9143 position details...
    9144 position details...
    9145 position details...
    9149 position details...
Fetching Italian Grand Prix session data...
    9150 position details...
    9151 position details...
    9152 position details...
    9153 position details...
    9157 position details...
Fetching Singapore Grand Prix session data...
    9158 position details...
    9159 position details...
    9160 position details...
    9161 position details...
    9165 position details...
Fetching Japanese Grand Prix session data...
    9166 position details...
    9167 position details...
    9168 position details...
    9169 position details...
    9173 position details...
Fetching Qatar Grand Prix session data...
    9214 position details...
    9215 position details...
    9298 position details...
    9220 position details...
    9221 position details...
Fetching United States Grand Prix session data...
    9206 position details...
    9207 position details...
    9294 position details...
    9212 position details...
    9213 position details...
Fetching Mexico City Grand Prix session data...
    9174 position details...
    9175 position details...
    9176 position details...
    9177 position details...
    9181 position details...
Fetching São Paulo Grand Prix session data...
    9198 position details...
    9304 position details...
    9308 position details...
    9204 position details...
    9205 position details...
Fetching Las Vegas Grand Prix session data...
    9182 position details...
    9183 position details...
    9184 position details...
    9314 position details...
    9189 position details...
Fetching Abu Dhabi Grand Prix session data...
    9190 position details...
    9191 position details...
    9192 position details...
    9193 position details...
    9197 position details...
Fetching Pre-Season Testing weather data...
Fetching Bahrain Grand Prix weather data...
Fetching Saudi Arabian Grand Prix weather data...
Fetching Australian Grand Prix weather data...
Fetching Azerbaijan Grand Prix weather data...
Fetching Miami Grand Prix weather data...
Fetching Monaco Grand Prix weather data...
Fetching Spanish Grand Prix weather data...
Fetching Canadian Grand Prix weather data...
Fetching Austrian Grand Prix weather data...
Fetching British Grand Prix weather data...
Fetching Hungarian Grand Prix weather data...
Fetching Belgian Grand Prix weather data...
Fetching Dutch Grand Prix weather data...
Fetching Italian Grand Prix weather data...
Fetching Singapore Grand Prix weather data...
Fetching Japanese Grand Prix weather data...
Fetching Qatar Grand Prix weather data...
Fetching United States Grand Prix weather data...
Fetching Mexico City Grand Prix weather data...
Fetching São Paulo Grand Prix weather data...
Fetching Las Vegas Grand Prix weather data...
Fetching Abu Dhabi Grand Prix weather data...
All data successfully fetched and stored.